-------------------------------------------------------------------------------
Test set: com.zupacademy.caroline.mercadolivre.MercadoLivre.EmailDuplicadoTest
-------------------------------------------------------------------------------
Tests run: 1, Failures: 0, Errors: 1, Skipped: 0, Time elapsed: 0.022 s <<< FAILURE! - in com.zupacademy.caroline.mercadolivre.MercadoLivre.EmailDuplicadoTest
unicidadeEmailCadastro{Optional, boolean}  Time elapsed: 0.021 s  <<< ERROR!
org.junit.platform.commons.JUnitException: Could not find method [EmailUnicoCadastro] in class [com.zupacademy.caroline.mercadolivre.MercadoLivre.EmailDuplicadoTest]

